빌드 시작: 2016-12-08 오후 4:12:13
     1>2 노드의 "C:\Algorithm\ArrayList in C++ Language\ArrayList\ArrayList\ArrayList.vcxproj" 프로젝트(build 대상)입니다.
     1>InitializeBuildStatus:
         "AlwaysCreate"이(가) 지정되었기 때문에 "Debug\ArrayList.unsuccessfulbuild"을(를) 만들고 있습니다.
       ClCompile:
         C:\Program Files\Microsoft Visual Studio 10.0\VC\bin\CL.exe /c /ZI /nologo /W3 /WX- /Od /Oy- /D _MBCS /Gm /EHsc /RTC1 /MDd /GS /fp:precise /Zc:wchar_t /Zc:forScope /Fo"Debug\\" /Fd"Debug\vc100.pdb" /Gd /TP /analyze- /errorReport:prompt ArrayList.cpp main.cpp
         main.cpp
         ArrayList.cpp
         코드를 생성하고 있습니다...
       Link:
         C:\Program Files\Microsoft Visual Studio 10.0\VC\bin\link.exe /ERRORREPORT:PROMPT /OUT:"C:\Algorithm\ArrayList in C++ Language\ArrayList\Debug\ArrayList.exe" /NOLOGO kernel32.lib user32.lib gdi32.lib winspool.lib comdlg32.lib advapi32.lib shell32.lib ole32.lib oleaut32.lib uuid.lib odbc32.lib odbccp32.lib /MANIFEST /ManifestFile:"Debug\ArrayList.exe.intermediate.manifest" /MANIFESTUAC:"level='asInvoker' uiAccess='false'" /DEBUG /PDB:"C:\Algorithm\ArrayList in C++ Language\ArrayList\Debug\ArrayList.pdb" /TLBID:1 /DYNAMICBASE /NXCOMPAT /IMPLIB:"C:\Algorithm\ArrayList in C++ Language\ArrayList\Debug\ArrayList.lib" /MACHINE:X86 Debug\ArrayList.obj
         Debug\main.obj
         LINK : C:\Algorithm\ArrayList in C++ Language\ArrayList\Debug\ArrayList.exe을(를) 찾을 수 없거나 마지막 증분 링크에 의해 빌드되지 않았습니다. 전체 링크를 수행하고 있습니다.
         ArrayList.vcxproj -> C:\Algorithm\ArrayList in C++ Language\ArrayList\Debug\ArrayList.exe
       Manifest:
         C:\Program Files\Microsoft SDKs\Windows\v7.0A\bin\mt.exe /nologo /verbose /outputresource:"C:\Algorithm\ArrayList in C++ Language\ArrayList\Debug\ArrayList.exe;#1" /manifest Debug\ArrayList.exe.intermediate.manifest
       FinalizeBuildStatus:
         "Debug\ArrayList.unsuccessfulbuild" 파일을 삭제하고 있습니다.
         "Debug\ArrayList.lastbuildstate"에 연결(touching)하고 있습니다.
     1>"C:\Algorithm\ArrayList in C++ Language\ArrayList\ArrayList\ArrayList.vcxproj" 프로젝트를 빌드했습니다(build 대상).

빌드했습니다.

경과 시간: 00:00:04.64
